{"numFailedTestSuites":1,"numFailedTests":4,"numPassedTestSuites":0,"numPassedTests":10,"numPendingTestSuites":0,"numPendingTests":0,"numRuntimeErrorTestSuites":0,"numTodoTests":0,"numTotalTestSuites":1,"numTotalTests":14,"openHandles":[],"snapshot":{"added":0,"didUpdate":false,"failure":false,"filesAdded":0,"filesRemoved":0,"filesRemovedList":[],"filesUnmatched":0,"filesUpdated":0,"matched":0,"total":0,"unchecked":0,"uncheckedKeysByFile":[],"unmatched":0,"updated":0},"startTime":1626319918614,"success":false,"testResults":[{"assertionResults":[{"ancestorTitles":["Thumbnail 컴포넌트 테스트","썸네일이 표현되어야 합니다"],"failureMessages":[],"fullName":"Thumbnail 컴포넌트 테스트 썸네일이 표현되어야 합니다 thumbnail 클래스를 가진 <img> 엘리먼트를 리턴해야 합니다","location":null,"status":"passed","title":"thumbnail 클래스를 가진 <img> 엘리먼트를 리턴해야 합니다"},{"ancestorTitles":["Thumbnail 컴포넌트 테스트","썸네일이 표현되어야 합니다"],"failureMessages":[],"fullName":"Thumbnail 컴포넌트 테스트 썸네일이 표현되어야 합니다 `source` 라는 이름의 props으로 이미지 파일 이름을 전달받아야 합니다","location":null,"status":"passed","title":"`source` 라는 이름의 props으로 이미지 파일 이름을 전달받아야 합니다"},{"ancestorTitles":["Thumbnail 컴포넌트 테스트","썸네일이 표현되어야 합니다"],"failureMessages":[],"fullName":"Thumbnail 컴포넌트 테스트 썸네일이 표현되어야 합니다 <img> 엘리먼트는 source props로 받은 이미지를 표시해야 합니다","location":null,"status":"passed","title":"<img> 엘리먼트는 source props로 받은 이미지를 표시해야 합니다"},{"ancestorTitles":["App 컴포넌트 테스트","메뉴에는 Gallery, About이라는 두 개의 항목이 존재해야 합니다"],"failureMessages":[],"fullName":"App 컴포넌트 테스트 메뉴에는 Gallery, About이라는 두 개의 항목이 존재해야 합니다 ul > li 엘리먼트 아래에 <Link> 컴포넌트가 두 개 존재해야 합니다","location":null,"status":"passed","title":"ul > li 엘리먼트 아래에 <Link> 컴포넌트가 두 개 존재해야 합니다"},{"ancestorTitles":["App 컴포넌트 테스트","메뉴에는 Gallery, About이라는 두 개의 항목이 존재해야 합니다"],"failureMessages":[],"fullName":"App 컴포넌트 테스트 메뉴에는 Gallery, About이라는 두 개의 항목이 존재해야 합니다 <Link> 컴포넌트는 각각 `/`, `/about` 주소로 이동할 수 있어야 합니다","location":null,"status":"passed","title":"<Link> 컴포넌트는 각각 `/`, `/about` 주소로 이동할 수 있어야 합니다"},{"ancestorTitles":["App 컴포넌트 테스트","페이지 영역이 존재하며, 메뉴 선택에 따라 페이지가 바뀌어야 합니다"],"failureMessages":[],"fullName":"App 컴포넌트 테스트 페이지 영역이 존재하며, 메뉴 선택에 따라 페이지가 바뀌어야 합니다 `#page` 영역에 라우팅에 따른 페이지 분기를 구현해야 합니다","location":null,"status":"passed","title":"`#page` 영역에 라우팅에 따른 페이지 분기를 구현해야 합니다"},{"ancestorTitles":["App 컴포넌트 테스트","페이지 영역이 존재하며, 메뉴 선택에 따라 페이지가 바뀌어야 합니다"],"failureMessages":[],"fullName":"App 컴포넌트 테스트 페이지 영역이 존재하며, 메뉴 선택에 따라 페이지가 바뀌어야 합니다 기본적으로 <Gallery> 페이지가 보여야 합니다","location":null,"status":"passed","title":"기본적으로 <Gallery> 페이지가 보여야 합니다"},{"ancestorTitles":["App 컴포넌트 테스트","페이지 영역이 존재하며, 메뉴 선택에 따라 페이지가 바뀌어야 합니다"],"failureMessages":[],"fullName":"App 컴포넌트 테스트 페이지 영역이 존재하며, 메뉴 선택에 따라 페이지가 바뀌어야 합니다 `/about` 주소로 이동하면, <About> 페이지가 보여야 합니다","location":null,"status":"passed","title":"`/about` 주소로 이동하면, <About> 페이지가 보여야 합니다"},{"ancestorTitles":["Gallery 컴포넌트 테스트","사진 목록이 map을 이용한 반복을 통해 보여져야 합니다"],"failureMessages":[],"fullName":"Gallery 컴포넌트 테스트 사진 목록이 map을 이용한 반복을 통해 보여져야 합니다 #list 아래에 <a> 엘리먼트가 세 개 있어야합니다","location":null,"status":"passed","title":"#list 아래에 <a> 엘리먼트가 세 개 있어야합니다"},{"ancestorTitles":["Gallery 컴포넌트 테스트","사진 목록이 map을 이용한 반복을 통해 보여져야 합니다"],"failureMessages":[],"fullName":"Gallery 컴포넌트 테스트 사진 목록이 map을 이용한 반복을 통해 보여져야 합니다 <a> 엘리먼트의 자식으로 <Thumbnail> 컴포넌트가 있어야합니다","location":null,"status":"passed","title":"<a> 엘리먼트의 자식으로 <Thumbnail> 컴포넌트가 있어야합니다"},{"ancestorTitles":["Gallery 컴포넌트 테스트","목록에서 선택한 사진은 별도로 크게 보여야 합니다"],"failureMessages":["Error: expect(received).toEqual(expected) // deep equality\n\nExpected: ArrayContaining [{\"alt\": \"김코딩\", \"category\": \"사람\", \"id\": 1, \"src\": \"selfie.jpeg\"}]\nReceived: [\"selfie.jpeg\"]\n    at Object.<anonymous> (/Users/stella/Documents/React/im-ha-section-1/src/__test__/Gallery.test.js:48:27)\n    at Promise.then.completed (/Users/stella/Documents/React/im-ha-section-1/node_modules/jest-circus/build/utils.js:276:28)\n    at new Promise (<anonymous>)\n    at callAsyncCircusFn (/Users/stella/Documents/React/im-ha-section-1/node_modules/jest-circus/build/utils.js:216:10)\n    at _callCircusTest (/Users/stella/Documents/React/im-ha-section-1/node_modules/jest-circus/build/run.js:212:40)\n    at _runTest (/Users/stella/Documents/React/im-ha-section-1/node_modules/jest-circus/build/run.js:149:3)\n    at _runTestsForDescribeBlock (/Users/stella/Documents/React/im-ha-section-1/node_modules/jest-circus/build/run.js:63:9)\n    at _runTestsForDescribeBlock (/Users/stella/Documents/React/im-ha-section-1/node_modules/jest-circus/build/run.js:57:9)\n    at _runTestsForDescribeBlock (/Users/stella/Documents/React/im-ha-section-1/node_modules/jest-circus/build/run.js:57:9)\n    at run (/Users/stella/Documents/React/im-ha-section-1/node_modules/jest-circus/build/run.js:25:3)\n    at runAndTransformResultsToJestFormat (/Users/stella/Documents/React/im-ha-section-1/node_modules/jest-circus/build/legacy-code-todo-rewrite/jestAdapterInit.js:176:21)\n    at jestAdapter (/Users/stella/Documents/React/im-ha-section-1/node_modules/jest-circus/build/legacy-code-todo-rewrite/jestAdapter.js:109:19)\n    at runTestInternal (/Users/stella/Documents/React/im-ha-section-1/node_modules/jest-runner/build/runTest.js:380:16)\n    at runTest (/Users/stella/Documents/React/im-ha-section-1/node_modules/jest-runner/build/runTest.js:472:34)"],"fullName":"Gallery 컴포넌트 테스트 목록에서 선택한 사진은 별도로 크게 보여야 합니다 선택한 사진은 상태로 존재해야 하며, 초기값은 0번째 인덱스의 이미지여야 합니다","location":null,"status":"failed","title":"선택한 사진은 상태로 존재해야 하며, 초기값은 0번째 인덱스의 이미지여야 합니다"},{"ancestorTitles":["Gallery 컴포넌트 테스트","목록에서 선택한 사진은 별도로 크게 보여야 합니다"],"failureMessages":["Error: expect(received).toEqual(expected) // deep equality\n\nExpected: StringContaining \"hello.jpeg\"\nReceived: \"http://localhost/[object%20Object]\"\n    at Object.<anonymous> (/Users/stella/Documents/React/im-ha-section-1/src/__test__/Gallery.test.js:64:59)\n    at Promise.then.completed (/Users/stella/Documents/React/im-ha-section-1/node_modules/jest-circus/build/utils.js:276:28)\n    at new Promise (<anonymous>)\n    at callAsyncCircusFn (/Users/stella/Documents/React/im-ha-section-1/node_modules/jest-circus/build/utils.js:216:10)\n    at _callCircusTest (/Users/stella/Documents/React/im-ha-section-1/node_modules/jest-circus/build/run.js:212:40)\n    at _runTest (/Users/stella/Documents/React/im-ha-section-1/node_modules/jest-circus/build/run.js:149:3)\n    at _runTestsForDescribeBlock (/Users/stella/Documents/React/im-ha-section-1/node_modules/jest-circus/build/run.js:63:9)\n    at _runTestsForDescribeBlock (/Users/stella/Documents/React/im-ha-section-1/node_modules/jest-circus/build/run.js:57:9)\n    at _runTestsForDescribeBlock (/Users/stella/Documents/React/im-ha-section-1/node_modules/jest-circus/build/run.js:57:9)\n    at run (/Users/stella/Documents/React/im-ha-section-1/node_modules/jest-circus/build/run.js:25:3)\n    at runAndTransformResultsToJestFormat (/Users/stella/Documents/React/im-ha-section-1/node_modules/jest-circus/build/legacy-code-todo-rewrite/jestAdapterInit.js:176:21)\n    at jestAdapter (/Users/stella/Documents/React/im-ha-section-1/node_modules/jest-circus/build/legacy-code-todo-rewrite/jestAdapter.js:109:19)\n    at runTestInternal (/Users/stella/Documents/React/im-ha-section-1/node_modules/jest-runner/build/runTest.js:380:16)\n    at runTest (/Users/stella/Documents/React/im-ha-section-1/node_modules/jest-runner/build/runTest.js:472:34)"],"fullName":"Gallery 컴포넌트 테스트 목록에서 선택한 사진은 별도로 크게 보여야 합니다 `#current-image`에 현재 선택한 사진이 표시되어야 합니다","location":null,"status":"failed","title":"`#current-image`에 현재 선택한 사진이 표시되어야 합니다"},{"ancestorTitles":["Gallery 컴포넌트 테스트","사진 목록에 있는 사진을 클릭하면, 현재 선택한 사진이 바뀌어야 합니다"],"failureMessages":["TypeError: undefined is not iterable (cannot read property Symbol(Symbol.iterator))\n    at Gallery (/Users/stella/Documents/React/im-ha-section-1/src/page/Gallery.js:6:41)\n    at renderWithHooks (/Users/stella/Documents/React/im-ha-section-1/node_modules/react-dom/cjs/react-dom.development.js:14985:18)\n    at mountIndeterminateComponent (/Users/stella/Documents/React/im-ha-section-1/node_modules/react-dom/cjs/react-dom.development.js:17811:13)\n    at beginWork (/Users/stella/Documents/React/im-ha-section-1/node_modules/react-dom/cjs/react-dom.development.js:19049:16)\n    at HTMLUnknownElement.callCallback (/Users/stella/Documents/React/im-ha-section-1/node_modules/react-dom/cjs/react-dom.development.js:3945:14)\n    at HTMLUnknownElement.callTheUserObjectsOperation (/Users/stella/Documents/React/im-ha-section-1/node_modules/jsdom/lib/jsdom/living/generated/EventListener.js:26:30)\n    at innerInvokeEventListeners (/Users/stella/Documents/React/im-ha-section-1/node_modules/jsdom/lib/jsdom/living/events/EventTarget-impl.js:338:25)\n    at invokeEventListeners (/Users/stella/Documents/React/im-ha-section-1/node_modules/jsdom/lib/jsdom/living/events/EventTarget-impl.js:274:3)\n    at HTMLUnknownElementImpl._dispatch (/Users/stella/Documents/React/im-ha-section-1/node_modules/jsdom/lib/jsdom/living/events/EventTarget-impl.js:221:9)\n    at HTMLUnknownElementImpl.dispatchEvent (/Users/stella/Documents/React/im-ha-section-1/node_modules/jsdom/lib/jsdom/living/events/EventTarget-impl.js:94:17)\n    at HTMLUnknownElement.dispatchEvent (/Users/stella/Documents/React/im-ha-section-1/node_modules/jsdom/lib/jsdom/living/generated/EventTarget.js:231:34)\n    at Object.invokeGuardedCallbackDev (/Users/stella/Documents/React/im-ha-section-1/node_modules/react-dom/cjs/react-dom.development.js:3994:16)\n    at invokeGuardedCallback (/Users/stella/Documents/React/im-ha-section-1/node_modules/react-dom/cjs/react-dom.development.js:4056:31)\n    at beginWork$1 (/Users/stella/Documents/React/im-ha-section-1/node_modules/react-dom/cjs/react-dom.development.js:23964:7)\n    at performUnitOfWork (/Users/stella/Documents/React/im-ha-section-1/node_modules/react-dom/cjs/react-dom.development.js:22779:12)\n    at workLoopSync (/Users/stella/Documents/React/im-ha-section-1/node_modules/react-dom/cjs/react-dom.development.js:22707:5)\n    at renderRootSync (/Users/stella/Documents/React/im-ha-section-1/node_modules/react-dom/cjs/react-dom.development.js:22670:7)\n    at performSyncWorkOnRoot (/Users/stella/Documents/React/im-ha-section-1/node_modules/react-dom/cjs/react-dom.development.js:22293:18)\n    at scheduleUpdateOnFiber (/Users/stella/Documents/React/im-ha-section-1/node_modules/react-dom/cjs/react-dom.development.js:21881:7)\n    at updateContainer (/Users/stella/Documents/React/im-ha-section-1/node_modules/react-dom/cjs/react-dom.development.js:25482:3)\n    at /Users/stella/Documents/React/im-ha-section-1/node_modules/react-dom/cjs/react-dom.development.js:26021:7\n    at unbatchedUpdates (/Users/stella/Documents/React/im-ha-section-1/node_modules/react-dom/cjs/react-dom.development.js:22431:12)\n    at legacyRenderSubtreeIntoContainer (/Users/stella/Documents/React/im-ha-section-1/node_modules/react-dom/cjs/react-dom.development.js:26020:5)\n    at Object.render (/Users/stella/Documents/React/im-ha-section-1/node_modules/react-dom/cjs/react-dom.development.js:26103:10)\n    at /Users/stella/Documents/React/im-ha-section-1/node_modules/@testing-library/react/dist/pure.js:101:25\n    at batchedUpdates$1 (/Users/stella/Documents/React/im-ha-section-1/node_modules/react-dom/cjs/react-dom.development.js:22380:12)\n    at act (/Users/stella/Documents/React/im-ha-section-1/node_modules/react-dom/cjs/react-dom-test-utils.development.js:1042:14)\n    at render (/Users/stella/Documents/React/im-ha-section-1/node_modules/@testing-library/react/dist/pure.js:97:26)\n    at Object.<anonymous> (/Users/stella/Documents/React/im-ha-section-1/src/__test__/Gallery.test.js:78:5)\n    at Promise.then.completed (/Users/stella/Documents/React/im-ha-section-1/node_modules/jest-circus/build/utils.js:276:28)\n    at new Promise (<anonymous>)\n    at callAsyncCircusFn (/Users/stella/Documents/React/im-ha-section-1/node_modules/jest-circus/build/utils.js:216:10)\n    at _callCircusTest (/Users/stella/Documents/React/im-ha-section-1/node_modules/jest-circus/build/run.js:212:40)\n    at _runTest (/Users/stella/Documents/React/im-ha-section-1/node_modules/jest-circus/build/run.js:149:3)\n    at _runTestsForDescribeBlock (/Users/stella/Documents/React/im-ha-section-1/node_modules/jest-circus/build/run.js:63:9)\n    at _runTestsForDescribeBlock (/Users/stella/Documents/React/im-ha-section-1/node_modules/jest-circus/build/run.js:57:9)\n    at _runTestsForDescribeBlock (/Users/stella/Documents/React/im-ha-section-1/node_modules/jest-circus/build/run.js:57:9)\n    at run (/Users/stella/Documents/React/im-ha-section-1/node_modules/jest-circus/build/run.js:25:3)\n    at runAndTransformResultsToJestFormat (/Users/stella/Documents/React/im-ha-section-1/node_modules/jest-circus/build/legacy-code-todo-rewrite/jestAdapterInit.js:176:21)\n    at jestAdapter (/Users/stella/Documents/React/im-ha-section-1/node_modules/jest-circus/build/legacy-code-todo-rewrite/jestAdapter.js:109:19)\n    at runTestInternal (/Users/stella/Documents/React/im-ha-section-1/node_modules/jest-runner/build/runTest.js:380:16)\n    at runTest (/Users/stella/Documents/React/im-ha-section-1/node_modules/jest-runner/build/runTest.js:472:34)"],"fullName":"Gallery 컴포넌트 테스트 사진 목록에 있는 사진을 클릭하면, 현재 선택한 사진이 바뀌어야 합니다 <a> 엘리먼트를 클릭하면 handleClick 함수가 실행되고, 클릭한 이미지 정보가 인자로 전달되어야 합니다","location":null,"status":"failed","title":"<a> 엘리먼트를 클릭하면 handleClick 함수가 실행되고, 클릭한 이미지 정보가 인자로 전달되어야 합니다"},{"ancestorTitles":["Gallery 컴포넌트 테스트","사진 목록에 있는 사진을 클릭하면, 현재 선택한 사진이 바뀌어야 합니다"],"failureMessages":["TypeError: undefined is not iterable (cannot read property Symbol(Symbol.iterator))\n    at Gallery (/Users/stella/Documents/React/im-ha-section-1/src/page/Gallery.js:6:41)\n    at renderWithHooks (/Users/stella/Documents/React/im-ha-section-1/node_modules/react-dom/cjs/react-dom.development.js:14985:18)\n    at mountIndeterminateComponent (/Users/stella/Documents/React/im-ha-section-1/node_modules/react-dom/cjs/react-dom.development.js:17811:13)\n    at beginWork (/Users/stella/Documents/React/im-ha-section-1/node_modules/react-dom/cjs/react-dom.development.js:19049:16)\n    at HTMLUnknownElement.callCallback (/Users/stella/Documents/React/im-ha-section-1/node_modules/react-dom/cjs/react-dom.development.js:3945:14)\n    at HTMLUnknownElement.callTheUserObjectsOperation (/Users/stella/Documents/React/im-ha-section-1/node_modules/jsdom/lib/jsdom/living/generated/EventListener.js:26:30)\n    at innerInvokeEventListeners (/Users/stella/Documents/React/im-ha-section-1/node_modules/jsdom/lib/jsdom/living/events/EventTarget-impl.js:338:25)\n    at invokeEventListeners (/Users/stella/Documents/React/im-ha-section-1/node_modules/jsdom/lib/jsdom/living/events/EventTarget-impl.js:274:3)\n    at HTMLUnknownElementImpl._dispatch (/Users/stella/Documents/React/im-ha-section-1/node_modules/jsdom/lib/jsdom/living/events/EventTarget-impl.js:221:9)\n    at HTMLUnknownElementImpl.dispatchEvent (/Users/stella/Documents/React/im-ha-section-1/node_modules/jsdom/lib/jsdom/living/events/EventTarget-impl.js:94:17)\n    at HTMLUnknownElement.dispatchEvent (/Users/stella/Documents/React/im-ha-section-1/node_modules/jsdom/lib/jsdom/living/generated/EventTarget.js:231:34)\n    at Object.invokeGuardedCallbackDev (/Users/stella/Documents/React/im-ha-section-1/node_modules/react-dom/cjs/react-dom.development.js:3994:16)\n    at invokeGuardedCallback (/Users/stella/Documents/React/im-ha-section-1/node_modules/react-dom/cjs/react-dom.development.js:4056:31)\n    at beginWork$1 (/Users/stella/Documents/React/im-ha-section-1/node_modules/react-dom/cjs/react-dom.development.js:23964:7)\n    at performUnitOfWork (/Users/stella/Documents/React/im-ha-section-1/node_modules/react-dom/cjs/react-dom.development.js:22779:12)\n    at workLoopSync (/Users/stella/Documents/React/im-ha-section-1/node_modules/react-dom/cjs/react-dom.development.js:22707:5)\n    at renderRootSync (/Users/stella/Documents/React/im-ha-section-1/node_modules/react-dom/cjs/react-dom.development.js:22670:7)\n    at performSyncWorkOnRoot (/Users/stella/Documents/React/im-ha-section-1/node_modules/react-dom/cjs/react-dom.development.js:22293:18)\n    at scheduleUpdateOnFiber (/Users/stella/Documents/React/im-ha-section-1/node_modules/react-dom/cjs/react-dom.development.js:21881:7)\n    at updateContainer (/Users/stella/Documents/React/im-ha-section-1/node_modules/react-dom/cjs/react-dom.development.js:25482:3)\n    at /Users/stella/Documents/React/im-ha-section-1/node_modules/react-dom/cjs/react-dom.development.js:26021:7\n    at unbatchedUpdates (/Users/stella/Documents/React/im-ha-section-1/node_modules/react-dom/cjs/react-dom.development.js:22431:12)\n    at legacyRenderSubtreeIntoContainer (/Users/stella/Documents/React/im-ha-section-1/node_modules/react-dom/cjs/react-dom.development.js:26020:5)\n    at Object.render (/Users/stella/Documents/React/im-ha-section-1/node_modules/react-dom/cjs/react-dom.development.js:26103:10)\n    at /Users/stella/Documents/React/im-ha-section-1/node_modules/@testing-library/react/dist/pure.js:101:25\n    at batchedUpdates$1 (/Users/stella/Documents/React/im-ha-section-1/node_modules/react-dom/cjs/react-dom.development.js:22380:12)\n    at act (/Users/stella/Documents/React/im-ha-section-1/node_modules/react-dom/cjs/react-dom-test-utils.development.js:1042:14)\n    at render (/Users/stella/Documents/React/im-ha-section-1/node_modules/@testing-library/react/dist/pure.js:97:26)\n    at Object.<anonymous> (/Users/stella/Documents/React/im-ha-section-1/src/__test__/Gallery.test.js:86:5)\n    at Promise.then.completed (/Users/stella/Documents/React/im-ha-section-1/node_modules/jest-circus/build/utils.js:276:28)\n    at new Promise (<anonymous>)\n    at callAsyncCircusFn (/Users/stella/Documents/React/im-ha-section-1/node_modules/jest-circus/build/utils.js:216:10)\n    at _callCircusTest (/Users/stella/Documents/React/im-ha-section-1/node_modules/jest-circus/build/run.js:212:40)\n    at _runTest (/Users/stella/Documents/React/im-ha-section-1/node_modules/jest-circus/build/run.js:149:3)\n    at _runTestsForDescribeBlock (/Users/stella/Documents/React/im-ha-section-1/node_modules/jest-circus/build/run.js:63:9)\n    at _runTestsForDescribeBlock (/Users/stella/Documents/React/im-ha-section-1/node_modules/jest-circus/build/run.js:57:9)\n    at _runTestsForDescribeBlock (/Users/stella/Documents/React/im-ha-section-1/node_modules/jest-circus/build/run.js:57:9)\n    at run (/Users/stella/Documents/React/im-ha-section-1/node_modules/jest-circus/build/run.js:25:3)\n    at runAndTransformResultsToJestFormat (/Users/stella/Documents/React/im-ha-section-1/node_modules/jest-circus/build/legacy-code-todo-rewrite/jestAdapterInit.js:176:21)\n    at jestAdapter (/Users/stella/Documents/React/im-ha-section-1/node_modules/jest-circus/build/legacy-code-todo-rewrite/jestAdapter.js:109:19)\n    at runTestInternal (/Users/stella/Documents/React/im-ha-section-1/node_modules/jest-runner/build/runTest.js:380:16)\n    at runTest (/Users/stella/Documents/React/im-ha-section-1/node_modules/jest-runner/build/runTest.js:472:34)"],"fullName":"Gallery 컴포넌트 테스트 사진 목록에 있는 사진을 클릭하면, 현재 선택한 사진이 바뀌어야 합니다 handleClick 함수를 통해 선택한 사진에 대한 상태가 변경되어야 합니다","location":null,"status":"failed","title":"handleClick 함수를 통해 선택한 사진에 대한 상태가 변경되어야 합니다"}],"endTime":1626319919353,"message":"  ● Gallery 컴포넌트 테스트 › 목록에서 선택한 사진은 별도로 크게 보여야 합니다 › 선택한 사진은 상태로 존재해야 하며, 초기값은 0번째 인덱스의 이미지여야 합니다\n\n    expect(received).toEqual(expected) // deep equality\n\n    Expected: ArrayContaining [{\"alt\": \"김코딩\", \"category\": \"사람\", \"id\": 1, \"src\": \"selfie.jpeg\"}]\n    Received: [\"selfie.jpeg\"]\n\n      46 |     render(<Gallery />, { container })\n      47 |     expect(useStateSpy).toBeCalled()\n    > 48 |     expect(initialValues).toEqual(expect.arrayContaining([images[0]])) // 상태의 초기값이 0번째 인덱스의 이미지어야 합니다\n         |                           ^\n      49 |\n      50 |     useStateSpy.mockRestore()\n      51 |   })\n\n      at Object.<anonymous> (src/__test__/Gallery.test.js:48:27)\n\n  ● Gallery 컴포넌트 테스트 › 목록에서 선택한 사진은 별도로 크게 보여야 합니다 › `#current-image`에 현재 선택한 사진이 표시되어야 합니다\n\n    expect(received).toEqual(expected) // deep equality\n\n    Expected: StringContaining \"hello.jpeg\"\n    Received: \"http://localhost/[object%20Object]\"\n\n      62 |     render(<Gallery />, { container })\n      63 |     // 현재 이미지가 hello.jpeg 이라고 가정합니다\n    > 64 |     expect(container.querySelector('#current-image').src).toEqual(expect.stringContaining('hello.jpeg'))\n         |                                                           ^\n      65 |     useStateSpy.mockRestore()\n      66 |   })\n      67 | })\n\n      at Object.<anonymous> (src/__test__/Gallery.test.js:64:59)\n\n  ● Gallery 컴포넌트 테스트 › 사진 목록에 있는 사진을 클릭하면, 현재 선택한 사진이 바뀌어야 합니다 › <a> 엘리먼트를 클릭하면 handleClick 함수가 실행되고, 클릭한 이미지 정보가 인자로 전달되어야 합니다\n\n    TypeError: undefined is not iterable (cannot read property Symbol(Symbol.iterator))\n\n      4 |\n      5 | function Gallery() {\n    > 6 |   const [changeImage, setChangeImage] = useState(images[0].src);\n        |                                         ^\n      7 |   // console.log(images); // npm start를 통해 앱을 열어, 개발자 콘솔을 통해 이미지 목록을 확인할 수 있습니다\n      8 |\n      9 |   const handleClick = (image) => {\n\n      at Gallery (src/page/Gallery.js:6:41)\n      at renderWithHooks (node_modules/react-dom/cjs/react-dom.development.js:14985:18)\n      at mountIndeterminateComponent (node_modules/react-dom/cjs/react-dom.development.js:17811:13)\n      at beginWork (node_modules/react-dom/cjs/react-dom.development.js:19049:16)\n      at HTMLUnknownElement.callCallback (node_modules/react-dom/cjs/react-dom.development.js:3945:14)\n      at HTMLUnknownElement.callTheUserObjectsOperation (node_modules/jsdom/lib/jsdom/living/generated/EventListener.js:26:30)\n      at innerInvokeEventListeners (node_modules/jsdom/lib/jsdom/living/events/EventTarget-impl.js:338:25)\n      at invokeEventListeners (node_modules/jsdom/lib/jsdom/living/events/EventTarget-impl.js:274:3)\n      at HTMLUnknownElementImpl._dispatch (node_modules/jsdom/lib/jsdom/living/events/EventTarget-impl.js:221:9)\n      at HTMLUnknownElementImpl.dispatchEvent (node_modules/jsdom/lib/jsdom/living/events/EventTarget-impl.js:94:17)\n      at HTMLUnknownElement.dispatchEvent (node_modules/jsdom/lib/jsdom/living/generated/EventTarget.js:231:34)\n      at Object.invokeGuardedCallbackDev (node_modules/react-dom/cjs/react-dom.development.js:3994:16)\n      at invokeGuardedCallback (node_modules/react-dom/cjs/react-dom.development.js:4056:31)\n      at beginWork$1 (node_modules/react-dom/cjs/react-dom.development.js:23964:7)\n      at performUnitOfWork (node_modules/react-dom/cjs/react-dom.development.js:22779:12)\n      at workLoopSync (node_modules/react-dom/cjs/react-dom.development.js:22707:5)\n      at renderRootSync (node_modules/react-dom/cjs/react-dom.development.js:22670:7)\n      at performSyncWorkOnRoot (node_modules/react-dom/cjs/react-dom.development.js:22293:18)\n      at scheduleUpdateOnFiber (node_modules/react-dom/cjs/react-dom.development.js:21881:7)\n      at updateContainer (node_modules/react-dom/cjs/react-dom.development.js:25482:3)\n      at node_modules/react-dom/cjs/react-dom.development.js:26021:7\n      at unbatchedUpdates (node_modules/react-dom/cjs/react-dom.development.js:22431:12)\n      at legacyRenderSubtreeIntoContainer (node_modules/react-dom/cjs/react-dom.development.js:26020:5)\n      at Object.render (node_modules/react-dom/cjs/react-dom.development.js:26103:10)\n      at node_modules/@testing-library/react/dist/pure.js:101:25\n      at batchedUpdates$1 (node_modules/react-dom/cjs/react-dom.development.js:22380:12)\n      at act (node_modules/react-dom/cjs/react-dom-test-utils.development.js:1042:14)\n      at render (node_modules/@testing-library/react/dist/pure.js:97:26)\n      at Object.<anonymous> (src/__test__/Gallery.test.js:78:5)\n\n  ● Gallery 컴포넌트 테스트 › 사진 목록에 있는 사진을 클릭하면, 현재 선택한 사진이 바뀌어야 합니다 › handleClick 함수를 통해 선택한 사진에 대한 상태가 변경되어야 합니다\n\n    TypeError: undefined is not iterable (cannot read property Symbol(Symbol.iterator))\n\n      4 |\n      5 | function Gallery() {\n    > 6 |   const [changeImage, setChangeImage] = useState(images[0].src);\n        |                                         ^\n      7 |   // console.log(images); // npm start를 통해 앱을 열어, 개발자 콘솔을 통해 이미지 목록을 확인할 수 있습니다\n      8 |\n      9 |   const handleClick = (image) => {\n\n      at Gallery (src/page/Gallery.js:6:41)\n      at renderWithHooks (node_modules/react-dom/cjs/react-dom.development.js:14985:18)\n      at mountIndeterminateComponent (node_modules/react-dom/cjs/react-dom.development.js:17811:13)\n      at beginWork (node_modules/react-dom/cjs/react-dom.development.js:19049:16)\n      at HTMLUnknownElement.callCallback (node_modules/react-dom/cjs/react-dom.development.js:3945:14)\n      at HTMLUnknownElement.callTheUserObjectsOperation (node_modules/jsdom/lib/jsdom/living/generated/EventListener.js:26:30)\n      at innerInvokeEventListeners (node_modules/jsdom/lib/jsdom/living/events/EventTarget-impl.js:338:25)\n      at invokeEventListeners (node_modules/jsdom/lib/jsdom/living/events/EventTarget-impl.js:274:3)\n      at HTMLUnknownElementImpl._dispatch (node_modules/jsdom/lib/jsdom/living/events/EventTarget-impl.js:221:9)\n      at HTMLUnknownElementImpl.dispatchEvent (node_modules/jsdom/lib/jsdom/living/events/EventTarget-impl.js:94:17)\n      at HTMLUnknownElement.dispatchEvent (node_modules/jsdom/lib/jsdom/living/generated/EventTarget.js:231:34)\n      at Object.invokeGuardedCallbackDev (node_modules/react-dom/cjs/react-dom.development.js:3994:16)\n      at invokeGuardedCallback (node_modules/react-dom/cjs/react-dom.development.js:4056:31)\n      at beginWork$1 (node_modules/react-dom/cjs/react-dom.development.js:23964:7)\n      at performUnitOfWork (node_modules/react-dom/cjs/react-dom.development.js:22779:12)\n      at workLoopSync (node_modules/react-dom/cjs/react-dom.development.js:22707:5)\n      at renderRootSync (node_modules/react-dom/cjs/react-dom.development.js:22670:7)\n      at performSyncWorkOnRoot (node_modules/react-dom/cjs/react-dom.development.js:22293:18)\n      at scheduleUpdateOnFiber (node_modules/react-dom/cjs/react-dom.development.js:21881:7)\n      at updateContainer (node_modules/react-dom/cjs/react-dom.development.js:25482:3)\n      at node_modules/react-dom/cjs/react-dom.development.js:26021:7\n      at unbatchedUpdates (node_modules/react-dom/cjs/react-dom.development.js:22431:12)\n      at legacyRenderSubtreeIntoContainer (node_modules/react-dom/cjs/react-dom.development.js:26020:5)\n      at Object.render (node_modules/react-dom/cjs/react-dom.development.js:26103:10)\n      at node_modules/@testing-library/react/dist/pure.js:101:25\n      at batchedUpdates$1 (node_modules/react-dom/cjs/react-dom.development.js:22380:12)\n      at act (node_modules/react-dom/cjs/react-dom-test-utils.development.js:1042:14)\n      at render (node_modules/@testing-library/react/dist/pure.js:97:26)\n      at Object.<anonymous> (src/__test__/Gallery.test.js:86:5)\n","name":"/Users/stella/Documents/React/im-ha-section-1/src/__test__/index.test.js","startTime":1626319918811,"status":"failed","summary":""}],"wasInterrupted":false}